Info    2025-07-14 11:35:14  DevID:MV-CS016-10UC(DA6589743)  Source-Line:libMvCameraControl.so(CInterfaceManager.cpp-L0809)     Description:Current dynamic library path[/home/firefly/SPR-Vision-2026/Main_ws/install/hik_camera/lib/libMvCameraControl.so]     Solution:
Info    2025-07-14 11:35:14  DevID:MV-CS016-10UC(DA6589743)  Source-Line:libMvCameraControl.so(CInterfaceManager.cpp-L0812)     Description:CamCtl_Version: 3.2.1.0     Solution:
Info    2025-07-14 11:35:14  DevID:MV-CS016-10UC(DA6589743)  Source-Line:libMvCameraControl.so(CInterfaceManager.cpp-L0813)     Description:CamCtl_Description: BaseLine Build 20211203     Solution:
Info    2025-07-14 11:35:14  DevID:MV-CS016-10UC(DA6589743)  Source-Line:libMvCameraControl.so(CInterfaceManager.cpp-L0815)     Description:[MV_CC_CreateHandle] return[0x0]     Solution:
Info    2025-07-14 11:35:14  DevID:MV-CS016-10UC(DA6589743)  Source-Line:libMvCameraControl.so(CInterfaceManager.cpp-L6710)     Description:CamCtrl[0x3020100], U3V SDKVersion[0x3020100], DriverVersion[0x0]     Solution:
Info    2025-07-14 11:35:15  DevID:MV-CS016-10UC(DA6589743)  Source-Line:libMvCameraControl.so(CInterfaceManager.cpp-L4236)     Description:[MV_CC_InvalidateNodes] return[0x0]     Solution:
Info    2025-07-14 11:35:15  DevID:MV-CS016-10UC(DA6589743)  Source-Line:libMvCameraControl.so(CInterfaceManager.cpp-L1086)     Description:[MV_CC_OpenDevice] nPrivilegeMode[1], nSwitchoverKey[0], return[0x0]     Solution:
Info    2025-07-14 11:35:15  DevID:MV-CS016-10UC(DA6589743)  Source-Line:libMvCameraControl.so(CInterfaceManager.cpp-L3684)     Description:[MV_CC_GetImageInfo] return[0x0]     Solution:
Info    2025-07-14 11:35:15  DevID:MV-CS016-10UC(DA6589743)  Source-Line:libMvCameraControl.so(CInterfaceManager.cpp-L1703)     Description:U3V, DeviceModelName[MV-CS016-10UC], DeviceFirmwareVersion[V2.2.0 2407021311877 24053001], DeviceMaxThroughput[387500]     Solution:
Info    2025-07-14 11:35:15  DevID:MV-CS016-10UC(DA6589743)  Source-Line:libMvCameraControl.so(CInterfaceManager.cpp-L1708)     Description:U3V, Width[1440], Height[1080], OffsetX[0], OffsetY[0], PixelFormat[0x1080009], AcquisitionMode[2]     Solution:
Info    2025-07-14 11:35:15  DevID:MV-CS016-10UC(DA6589743)  Source-Line:libMvCameraControl.so(CInterfaceManager.cpp-L1713)     Description:U3V, TriggerMode[0], ResultingFrameRate[165.37], ExposureTime[5000.00], ExposureAuto[0], PayloadSize[1555200]     Solution:
Info    2025-07-14 11:35:15  DevID:MV-CS016-10UC(DA6589743)  Source-Line:libMvCameraControl.so(CInterfaceManager.cpp-L6315)     Description:CamCtrl RecvThread Start, ThreadId[-1091385792]     Solution:
Info    2025-07-14 11:35:15  DevID:MV-CS016-10UC(DA6589743)  Source-Line:libMvCameraControl.so(CInterfaceManager.cpp-L6083)     Description:CamCtrl Display Thread Start, ThreadId[-1099778496]     Solution:
Info    2025-07-14 11:35:15  DevID:MV-CS016-10UC(DA6589743)  Source-Line:libMvCameraControl.so(CInterfaceManager.cpp-L1795)     Description:There is no registration callback     Solution:
Info    2025-07-14 11:35:15  DevID:MV-CS016-10UC(DA6589743)  Source-Line:libMvCameraControl.so(CInterfaceManager.cpp-L1800)     Description:[MV_CC_StartGrabbing] return[0x0]     Solution:
Error   2025-07-14 11:35:15  DevID:MV-CS016-10UC(DA6589743)  Source-Line:libMvCameraControl.so(CInterfaceManager.cpp-L7947)     Description:[MV_CC_ConvertPixelType] return[0x80000002]     Solution:
Info    2025-07-14 11:45:29  DevID:MV-CS016-10UC(DA6589743)  Source-Line:libMvCameraControl.so(CInterfaceManager.cpp-L1888)     Description:[StopGrabbing] return[0x0]     Solution:
Info    2025-07-14 11:45:29  DevID:MV-CS016-10UC(DA6589743)  Source-Line:libMvCameraControl.so(CInterfaceManager.cpp-L6545)     Description:RecvThread Process Exit     Solution:
Info    2025-07-14 11:45:29  DevID:MV-CS016-10UC(DA6589743)  Source-Line:libMvCameraControl.so(CInterfaceManager.cpp-L6299)     Description:Display process exit     Solution:
Info    2025-07-14 11:45:30  DevID:MV-CS016-10UC(DA6589743)  Source-Line:libMvCameraControl.so(CInterfaceManager.cpp-L1166)     Description:[CloseDevice] return[0x0]     Solution:
Info    2025-07-14 11:45:48  DevID:MV-CS016-10UC(DA6589743)  Source-Line:libMvCameraControl.so(CInterfaceManager.cpp-L0809)     Description:Current dynamic library path[/home/firefly/SPR-Vision-2026/Main_ws/install/hik_camera/lib/libMvCameraControl.so]     Solution:
Info    2025-07-14 11:45:48  DevID:MV-CS016-10UC(DA6589743)  Source-Line:libMvCameraControl.so(CInterfaceManager.cpp-L0812)     Description:CamCtl_Version: 3.2.1.0     Solution:
Info    2025-07-14 11:45:48  DevID:MV-CS016-10UC(DA6589743)  Source-Line:libMvCameraControl.so(CInterfaceManager.cpp-L0813)     Description:CamCtl_Description: BaseLine Build 20211203     Solution:
Info    2025-07-14 11:45:48  DevID:MV-CS016-10UC(DA6589743)  Source-Line:libMvCameraControl.so(CInterfaceManager.cpp-L0815)     Description:[MV_CC_CreateHandle] return[0x0]     Solution:
Info    2025-07-14 11:45:48  DevID:MV-CS016-10UC(DA6589743)  Source-Line:libMvCameraControl.so(CInterfaceManager.cpp-L6710)     Description:CamCtrl[0x3020100], U3V SDKVersion[0x3020100], DriverVersion[0x0]     Solution:
Info    2025-07-14 11:45:49  DevID:MV-CS016-10UC(DA6589743)  Source-Line:libMvCameraControl.so(CInterfaceManager.cpp-L4236)     Description:[MV_CC_InvalidateNodes] return[0x0]     Solution:
Info    2025-07-14 11:45:49  DevID:MV-CS016-10UC(DA6589743)  Source-Line:libMvCameraControl.so(CInterfaceManager.cpp-L1086)     Description:[MV_CC_OpenDevice] nPrivilegeMode[1], nSwitchoverKey[0], return[0x0]     Solution:
Info    2025-07-14 11:45:49  DevID:MV-CS016-10UC(DA6589743)  Source-Line:libMvCameraControl.so(CInterfaceManager.cpp-L3684)     Description:[MV_CC_GetImageInfo] return[0x0]     Solution:
Info    2025-07-14 11:45:49  DevID:MV-CS016-10UC(DA6589743)  Source-Line:libMvCameraControl.so(CInterfaceManager.cpp-L1703)     Description:U3V, DeviceModelName[MV-CS016-10UC], DeviceFirmwareVersion[V2.2.0 2407021311877 24053001], DeviceMaxThroughput[387500]     Solution:
Info    2025-07-14 11:45:49  DevID:MV-CS016-10UC(DA6589743)  Source-Line:libMvCameraControl.so(CInterfaceManager.cpp-L1708)     Description:U3V, Width[1440], Height[1080], OffsetX[0], OffsetY[0], PixelFormat[0x1080009], AcquisitionMode[2]     Solution:
Info    2025-07-14 11:45:49  DevID:MV-CS016-10UC(DA6589743)  Source-Line:libMvCameraControl.so(CInterfaceManager.cpp-L1713)     Description:U3V, TriggerMode[0], ResultingFrameRate[165.37], ExposureTime[5000.00], ExposureAuto[0], PayloadSize[1555200]     Solution:
Info    2025-07-14 11:45:49  DevID:MV-CS016-10UC(DA6589743)  Source-Line:libMvCameraControl.so(CInterfaceManager.cpp-L6315)     Description:CamCtrl RecvThread Start, ThreadId[-1149245888]     Solution:
Info    2025-07-14 11:45:49  DevID:MV-CS016-10UC(DA6589743)  Source-Line:libMvCameraControl.so(CInterfaceManager.cpp-L6083)     Description:CamCtrl Display Thread Start, ThreadId[-1157638592]     Solution:
Info    2025-07-14 11:45:49  DevID:MV-CS016-10UC(DA6589743)  Source-Line:libMvCameraControl.so(CInterfaceManager.cpp-L1795)     Description:There is no registration callback     Solution:
Info    2025-07-14 11:45:49  DevID:MV-CS016-10UC(DA6589743)  Source-Line:libMvCameraControl.so(CInterfaceManager.cpp-L1800)     Description:[MV_CC_StartGrabbing] return[0x0]     Solution:
Error   2025-07-14 11:45:49  DevID:MV-CS016-10UC(DA6589743)  Source-Line:libMvCameraControl.so(CInterfaceManager.cpp-L7947)     Description:[MV_CC_ConvertPixelType] return[0x80000002]     Solution:
